2022-11-19 01:32:54.813[1668821574813] | INFO  | main       | c.b.c.client.utils.RequestHandler    - GET https://api.binance.com/api/v3/account?timestamp=1668821574810&signature=b734815a1efc18771e4262ab66613511dd921baa67f99716a1da7e62d6d941b4
2022-11-19 01:32:55.753[1668821575753] | INFO  | main       | c.b.c.client.utils.RequestHandler    - GET https://api.binance.com/sapi/v1/capital/config/getall?timestamp=1668821575753&signature=b6e650921409eaeaadf57be0775ad48a5c4d98c593067adc2eb9c5bcd132b7a3
2022-11-19 01:32:56.618[1668821576618] | INFO  | main       | c.b.c.client.utils.RequestHandler    - GET https://api.binance.com/api/v3/account?timestamp=1668821576616&signature=d93c02695ac77cc8879fd4c0d1c7d108521709bfb78f6136119cdcae626333a8
2022-11-19 01:33:25.900[1668821605900] | INFO  | main       | c.b.c.client.utils.RequestHandler    - GET https://api.binance.com/api/v3/account?timestamp=1668821605897&signature=8770865938f57986b4e287c8987944de8c33e47b5817ad026a2cab5e1ce8edac
2022-11-19 01:33:26.678[1668821606678] | INFO  | main       | c.b.c.client.utils.RequestHandler    - GET https://api.binance.com/sapi/v1/capital/config/getall?timestamp=1668821606678&signature=8c8363a29a55b9c234844a6b7cf0cd87d99d9d85d973dcd223011ba4ad3b20a5
2022-11-19 01:33:27.524[1668821607524] | INFO  | main       | c.b.c.client.utils.RequestHandler    - GET https://api.binance.com/api/v3/account?timestamp=1668821607524&signature=04fa1ca03af1552e2e2f78d5c27a7049a0cc482fe71dbb551e36411633db1903
2022-11-19 01:33:27.902[1668821607902] | INFO  | main       | c.b.c.client.utils.RequestHandler    - GET https://api.binance.com/sapi/v1/capital/deposit/address?coin=AAVE&timestamp=1668821607902&signature=989ae4632d204c3a1e918ee79790d80b7a410e0a21095db3597962ba4f9baa11
2022-11-19 01:33:28.313[1668821608313] | INFO  | main       | c.b.c.client.utils.RequestHandler    - GET https://api.binance.com/sapi/v1/capital/deposit/address?coin=AAVE&network=ETH&timestamp=1668821608313&signature=1a2a0584c56961278e9a029366b9f69697579c935caea571238cc01f619fd3f9
2022-11-19 01:33:28.620[1668821608620] | INFO  | main       | c.b.c.client.utils.RequestHandler    - GET https://api.binance.com/sapi/v1/capital/deposit/address?coin=AAVE&network=BNB&timestamp=1668821608619&signature=4a8780efefcfe6a76213d150e407c44617cc0a8b368a0a15f664dc23839c9655
2022-11-19 01:34:00.513[1668821640513] | INFO  | main       | c.b.c.client.utils.RequestHandler    - GET https://api.binance.com/api/v3/account?timestamp=1668821640511&signature=3f3ba4a12be7d925a3536c1d223d01716c9f5a747d65f8027f8ae50004890d15
2022-11-19 01:34:01.081[1668821641081] | INFO  | main       | c.b.c.client.utils.RequestHandler    - GET https://api.binance.com/sapi/v1/capital/config/getall?timestamp=1668821641081&signature=d9db3f64e1db34c80b472b95a8a6158b46b11dc862b2899ce7c499e8f9745e95
2022-11-19 01:34:01.894[1668821641894] | INFO  | main       | c.b.c.client.utils.RequestHandler    - GET https://api.binance.com/api/v3/account?timestamp=1668821641894&signature=db2e0a7460589938e8c88a780207a94d85055b4be167ec8d26583d6f2d6071b9
2022-11-19 01:34:02.421[1668821642421] | INFO  | main       | c.b.c.client.utils.RequestHandler    - GET https://api.binance.com/sapi/v1/capital/deposit/address?coin=AAVE&timestamp=1668821642421&signature=6dba156d381b96e8612b5ef4fba8c4bf7cd79304e7593da6abafd7b2546a00e9
2022-11-19 01:34:03.436[1668821643436] | INFO  | main       | c.b.c.client.utils.RequestHandler    - GET https://api.binance.com/sapi/v1/capital/deposit/address?coin=AAVE&network=ETH&timestamp=1668821643436&signature=d684338019b02dfd449b203604cffd3d2892886a0eea4f48968b69cf933d073d
2022-11-19 01:34:03.743[1668821643743] | INFO  | main       | c.b.c.client.utils.RequestHandler    - GET https://api.binance.com/sapi/v1/capital/deposit/address?coin=AAVE&network=BNB&timestamp=1668821643742&signature=7db7308c38a5cba4973b0a46cafba974c8dadca463744482d8fa07bdbb8d4587
2022-11-19 01:34:04.051[1668821644051] | INFO  | main       | c.b.c.client.utils.RequestHandler    - GET https://api.binance.com/sapi/v1/capital/deposit/address?coin=AAVE&network=TRX&timestamp=1668821644051&signature=e312025ee9fbe3f62c4690e0ce0e3a1e16be442624ab95cc8df822a92e0c69ef
2022-11-19 01:48:42.512[1668822522512] | INFO  | main       | c.b.c.client.utils.RequestHandler    - GET https://api.binance.com/api/v3/account?timestamp=1668822522487&signature=7c9dbbd4bdb922a2e03259bed90a3c9a6913acb2d205ded653bb920488dcede2
2022-11-19 01:49:43.617[1668822583617] | INFO  | main       | c.b.c.client.utils.RequestHandler    - GET https://api.binance.com/api/v3/account?timestamp=1668822583589&signature=af85c64dd53b1bf3710fcca899b99c5b810dd2b5cb249acf32eacd6a2227e256
2022-11-19 01:55:59.604[1668822959604] | INFO  | main       | c.b.c.client.utils.RequestHandler    - GET https://api.binance.com/api/v3/account?timestamp=1668822959573&signature=19aaf7e8da17c10da7da6a824bea0d978c82b6db8d34ba75869dc7e9dc31f734
2022-11-19 01:57:13.441[1668823033441] | INFO  | main       | c.b.c.client.utils.RequestHandler    - GET https://api.binance.com/api/v3/account?timestamp=1668823033395&signature=6220d1a1b70cdb43a5ccbc210742c7e84c450fefde923f486ff40407f1cd3e85
2022-11-19 01:57:14.434[1668823034434] | INFO  | main       | c.b.c.client.utils.RequestHandler    - GET https://api.binance.com/api/v3/account?timestamp=1668823034433&signature=3fdb93838d197a8e6dbfef9826dbd0c05e9c4f26af929da4b1568987a8d29b10
2022-11-19 01:57:33.202[1668823053202] | INFO  | main       | c.b.c.client.utils.RequestHandler    - GET https://api.binance.com/api/v3/account?timestamp=1668823053150&signature=22fdbe039267cd4e6705a4815c35d54f800c5cacf0b00f32ffb17dd9a7812a34
2022-11-19 01:57:34.201[1668823054201] | INFO  | main       | c.b.c.client.utils.RequestHandler    - GET https://api.binance.com/api/v3/account?timestamp=1668823054201&signature=e6b62213d274e74c39e1e9129f787c6f28a1a3f4e5b0744ad64c554b53e850a5
2022-11-19 01:58:11.472[1668823091472] | INFO  | main       | c.b.c.client.utils.RequestHandler    - GET https://api.binance.com/api/v3/account?timestamp=1668823091421&signature=eb4f590da1e9d3188dcb28a726c6682cedea2bf2f8a3467a75e3557925412c20
2022-11-19 01:58:12.456[1668823092456] | INFO  | main       | c.b.c.client.utils.RequestHandler    - GET https://api.binance.com/api/v3/account?timestamp=1668823092456&signature=0fb22802cfde9f4f85a5892547aa0b5090bf514b24b93385e6ab80417086ab82
2022-11-19 01:58:47.097[1668823127097] | INFO  | main       | c.b.c.client.utils.RequestHandler    - GET https://api.binance.com/api/v3/account?timestamp=1668823127029&signature=ccfff0d0c92e4ad4d109e7b0e6b63e527edf3eb9a767bfbec470bdb41c5ae975
2022-11-19 01:58:48.266[1668823128266] | INFO  | main       | c.b.c.client.utils.RequestHandler    - GET https://api.binance.com/api/v3/account?timestamp=1668823128266&signature=73899e6855a71a44995c93915dd94d265e6f0aae84b66df6f3eb3d2481d96504
2022-11-19 01:59:07.930[1668823147930] | INFO  | main       | c.b.c.client.utils.RequestHandler    - GET https://api.binance.com/api/v3/account?timestamp=1668823147876&signature=e1241640b57fe5d3ae8409aef5fefe57fa0bb63090bd71660c2d35d816bed39e
2022-11-19 01:59:08.903[1668823148903] | INFO  | main       | c.b.c.client.utils.RequestHandler    - GET https://api.binance.com/api/v3/account?timestamp=1668823148903&signature=dc3740b2bc467ff07dd07958b38f6fea00ee581b10e6e68f61be16c8038eb4c5
2022-11-19 02:00:42.332[1668823242332] | INFO  | main       | c.b.c.client.utils.RequestHandler    - GET https://api.binance.com/api/v3/account?timestamp=1668823242282&signature=4decca2cd7c8b161a1e825adac75e8d80d264001a60ce55dcfd9bc92c74f9cc3
2022-11-19 02:00:43.300[1668823243300] | INFO  | main       | c.b.c.client.utils.RequestHandler    - GET https://api.binance.com/api/v3/account?timestamp=1668823243299&signature=882aa8e59ed389437eb56de4ff30ad5efec92903421ac47e5ea00743768465a4
2022-11-19 02:01:00.204[1668823260204] | INFO  | main       | c.b.c.client.utils.RequestHandler    - GET https://api.binance.com/api/v3/account?timestamp=1668823260150&signature=9782b782a51c2e491adcdc6084eab415a1a00a539a006d5b330e51a697da84b5
2022-11-19 02:01:01.228[1668823261228] | INFO  | main       | c.b.c.client.utils.RequestHandler    - GET https://api.binance.com/api/v3/account?timestamp=1668823261228&signature=62b9755ab13c3b077d8388ac440f9f1f241f24a090d2abd59a867186bb199642
2022-11-19 02:01:50.830[1668823310830] | INFO  | main       | c.b.c.client.utils.RequestHandler    - GET https://api.binance.com/api/v3/account?timestamp=1668823310779&signature=d9760058dff83aff168ceace93729413170f39bfecc704c7b4d8bc22f6abef45
2022-11-19 02:01:51.892[1668823311892] | INFO  | main       | c.b.c.client.utils.RequestHandler    - GET https://api.binance.com/api/v3/account?timestamp=1668823311891&signature=3a11c1f8b269d545db28d517b98bdd210c5eee63312b9d9264bd942ae126c4b4
2022-11-19 02:02:26.648[1668823346648] | INFO  | main       | c.b.c.client.utils.RequestHandler    - GET https://api.binance.com/api/v3/account?timestamp=1668823346602&signature=8cc9d2b2e302a1fefd9d0ed9ef32d728e2345c814a8633d61e3a133f036a9c04
2022-11-19 02:02:27.617[1668823347617] | INFO  | main       | c.b.c.client.utils.RequestHandler    - GET https://api.binance.com/api/v3/account?timestamp=1668823347616&signature=017275efa2f82b1c9dce4f09c821e8337bab8dd06a865faee93f9f010cf8ea41
2022-11-19 02:03:33.539[1668823413539] | INFO  | main       | c.b.c.client.utils.RequestHandler    - GET https://api.binance.com/api/v3/account?timestamp=1668823413488&signature=c82885c965b9977039991d1f29f6f4c7a2384775a84dac67e8986368971e229f
2022-11-19 02:03:34.594[1668823414594] | INFO  | main       | c.b.c.client.utils.RequestHandler    - GET https://api.binance.com/api/v3/account?timestamp=1668823414594&signature=46ce88a11e21db50e37805ad628aeecd63c35f3eda95909cd594cfcef4f2f698
2022-11-19 02:04:04.717[1668823444717] | INFO  | main       | c.b.c.client.utils.RequestHandler    - GET https://api.binance.com/api/v3/account?timestamp=1668823444666&signature=05e5dfc7790cc2054fcabfba69d4aa6e62538e49ba152f90382ba114282b6238
2022-11-19 02:04:05.650[1668823445650] | INFO  | main       | c.b.c.client.utils.RequestHandler    - GET https://api.binance.com/api/v3/account?timestamp=1668823445650&signature=f6e14a7e5749cea284cebf348d6a5470eeb52f69ebb68fc348df90ee90325b0f
2022-11-19 02:05:36.594[1668823536594] | INFO  | main       | c.b.c.client.utils.RequestHandler    - GET https://api.binance.com/api/v3/account?timestamp=1668823536546&signature=edd17f7cd55c017e777eef373939717d3940633bc59750eeac62d2ab6f0a2caf
2022-11-19 02:05:37.667[1668823537667] | INFO  | main       | c.b.c.client.utils.RequestHandler    - GET https://api.binance.com/api/v3/account?timestamp=1668823537666&signature=841bab22dc5feeeef32d608a3681f7aad37c224eaa83f85cba428300bd6a1b91
2022-11-19 02:11:15.840[1668823875840] | INFO  | main       | c.b.c.client.utils.RequestHandler    - GET https://api.binance.com/api/v3/account?timestamp=1668823875837&signature=be0e4f384d468cdff95672b5797b3b7ba2911a1e318435a8469311b451fa55bb
2022-11-19 02:11:16.435[1668823876435] | INFO  | main       | c.b.c.client.utils.RequestHandler    - GET https://api.binance.com/sapi/v1/capital/config/getall?timestamp=1668823876435&signature=c8abd2ca4aeb0321339541b40fffd4299d6e728a9d36ebb66c39346e16516a33
2022-11-19 02:11:17.045[1668823877045] | INFO  | main       | c.b.c.client.utils.RequestHandler    - GET https://api.binance.com/api/v3/account?timestamp=1668823877045&signature=856191042ca88b6a15570b5bd8083fca8505580bbac9207c15bb3ecad88fa874
2022-11-19 02:11:20.604[1668823880604] | INFO  | main       | c.b.c.client.utils.RequestHandler    - GET https://api.binance.com/api/v3/account?timestamp=1668823880604&signature=ec619f6af3e2ef204bf83e3637e9d5c9a97ebb4ca3b975f41748239bb93d5312
2022-11-19 02:11:20.990[1668823880990] | INFO  | main       | c.b.c.client.utils.RequestHandler    - GET https://api.binance.com/api/v3/account?timestamp=1668823880989&signature=de5b1f18d43b0a94a331cf84999eb5434e4fd6338ceac2d6b86967047fd4fbe5
2022-11-19 02:11:21.475[1668823881475] | INFO  | main       | c.b.c.client.utils.RequestHandler    - GET https://api.binance.com/api/v3/account?timestamp=1668823881475&signature=13ce89d6e9519b5aa73efd6bc42d2042ef7f5bf769004f26b15917a888c7bf4a
2022-11-19 02:11:21.972[1668823881972] | INFO  | main       | c.b.c.client.utils.RequestHandler    - GET https://api.binance.com/api/v3/account?timestamp=1668823881972&signature=71758c14504eb85080282e62fbec5c499f52e133839d60f453fbdff5a6a769fe
2022-11-19 02:11:22.298[1668823882298] | INFO  | main       | c.b.c.client.utils.RequestHandler    - GET https://api.binance.com/api/v3/account?timestamp=1668823882298&signature=cbf73848bedd5e077e043e007cf9a4ec8a6fa316d443374a65aa8e52c345f507
2022-11-19 02:11:22.766[1668823882766] | INFO  | main       | c.b.c.client.utils.RequestHandler    - GET https://api.binance.com/api/v3/account?timestamp=1668823882766&signature=76aac641c94dc6bd3327fc1097a5e61ac3ad1c5f70eca3cf0d2cf8b1360bd53b
2022-11-19 02:11:23.142[1668823883142] | INFO  | main       | c.b.c.client.utils.RequestHandler    - GET https://api.binance.com/api/v3/account?timestamp=1668823883142&signature=0128d17cad80a377b57a37665035e7a6aafcbf72c19cd71b30487953e4a8de3d
2022-11-19 02:11:23.514[1668823883514] | INFO  | main       | c.b.c.client.utils.RequestHandler    - GET https://api.binance.com/api/v3/account?timestamp=1668823883514&signature=80cdb716eeb64c1c9b9262d5fbe84eb214a9ee00719373840f0cb5b444153486
2022-11-19 02:11:24.556[1668823884556] | INFO  | main       | c.b.c.client.utils.RequestHandler    - GET https://api.binance.com/api/v3/account?timestamp=1668823884555&signature=31afa677df2b761eab9e10518733e86331b48a82e834242d61a226866ee9edb5
2022-11-19 02:11:25.560[1668823885560] | INFO  | main       | c.b.c.client.utils.RequestHandler    - GET https://api.binance.com/api/v3/account?timestamp=1668823885559&signature=efbf17fd713d63ed422e400fbed169ab0685e97fe71004a08f9374996bbb238f
2022-11-19 02:11:26.598[1668823886598] | INFO  | main       | c.b.c.client.utils.RequestHandler    - GET https://api.binance.com/api/v3/account?timestamp=1668823886598&signature=aeae0a5342c197d8c4d166418683a8131e157985bf78cc9644d355a9aa55f92d
2022-11-19 02:11:26.942[1668823886942] | INFO  | main       | c.b.c.client.utils.RequestHandler    - GET https://api.binance.com/api/v3/account?timestamp=1668823886941&signature=b8372f87ec4a39426c2d8ea0178f9999b05ce414855b3f93651f07f35125b203
2022-11-19 02:11:27.321[1668823887321] | INFO  | main       | c.b.c.client.utils.RequestHandler    - GET https://api.binance.com/api/v3/account?timestamp=1668823887321&signature=c790bfb15fe88ed086ca6066274ab71af3756634724be402531c0d33363894be
2022-11-19 02:11:28.374[1668823888374] | INFO  | main       | c.b.c.client.utils.RequestHandler    - GET https://api.binance.com/api/v3/account?timestamp=1668823888374&signature=37eac034dfe74344750c08dd1fb9afdc03c1c193c69afa9e0c953ed31ff7d262
2022-11-19 02:11:29.468[1668823889468] | INFO  | main       | c.b.c.client.utils.RequestHandler    - GET https://api.binance.com/api/v3/account?timestamp=1668823889468&signature=3e16227fcb05850a90025f118befb6703c3b09f702aa1fb0a278a96a6c895ee2
2022-11-19 02:11:30.454[1668823890454] | INFO  | main       | c.b.c.client.utils.RequestHandler    - GET https://api.binance.com/api/v3/account?timestamp=1668823890454&signature=bdb329b08e70ac366ee030f762301bca5e97dd7ac3f5aacde6e921f57165ab9e
2022-11-19 02:11:31.496[1668823891496] | INFO  | main       | c.b.c.client.utils.RequestHandler    - GET https://api.binance.com/api/v3/account?timestamp=1668823891495&signature=4e9fe05fcad4673c617da2c4d439a491dff3a052341ac3a5897ad905677c7be9
2022-11-19 02:24:45.833[1668824685833] | INFO  | main       | c.b.c.client.utils.RequestHandler    - GET https://api.binance.com/api/v3/account?timestamp=1668824685831&signature=a3da61ba8439b804683c0dbbace2b1d21a274d1de130816d15662715cd80b367
2022-11-19 02:24:46.402[1668824686402] | INFO  | main       | c.b.c.client.utils.RequestHandler    - GET https://api.binance.com/sapi/v1/capital/config/getall?timestamp=1668824686402&signature=ea6d0efe2e048820c64e9d3863c2116d589e28cd993daed7f30c56ca254bc518
2022-11-19 02:24:47.481[1668824687481] | INFO  | main       | c.b.c.client.utils.RequestHandler    - GET https://api.binance.com/api/v3/account?timestamp=1668824687481&signature=1a594286d94cef9cd80737dd61a29ce8486ceef85c70c234e2dab6aa5246eb8a
2022-11-19 02:24:51.078[1668824691078] | INFO  | main       | c.b.c.client.utils.RequestHandler    - GET https://api.binance.com/api/v3/account?timestamp=1668824691077&signature=471455b2de144c1f61e9c76335c26f7936cb0800729d3dec296c74a9e353aef1
2022-11-19 02:24:51.484[1668824691484] | INFO  | main       | c.b.c.client.utils.RequestHandler    - GET https://api.binance.com/api/v3/account?timestamp=1668824691483&signature=771cdf5d72d57b18f0f0dc4356d66af43b495493ff176327987f198cc895cadc
2022-11-19 02:24:51.988[1668824691988] | INFO  | main       | c.b.c.client.utils.RequestHandler    - GET https://api.binance.com/api/v3/account?timestamp=1668824691988&signature=70137ade7bba52160d066778148de4327f7ae9d27de8d769e87c3b318bea2119
2022-11-19 02:24:52.432[1668824692432] | INFO  | main       | c.b.c.client.utils.RequestHandler    - GET https://api.binance.com/api/v3/account?timestamp=1668824692431&signature=22204b70d47f4c7863aa9bf3a76eade3fd5fde31db018f22a4119184441044ee
2022-11-19 02:24:52.803[1668824692803] | INFO  | main       | c.b.c.client.utils.RequestHandler    - GET https://api.binance.com/api/v3/account?timestamp=1668824692803&signature=f22efd909f931e461900057f3ad06949a32c7a7d6406c36af1e5e2a15fec11c9
2022-11-19 02:24:53.261[1668824693261] | INFO  | main       | c.b.c.client.utils.RequestHandler    - GET https://api.binance.com/api/v3/account?timestamp=1668824693261&signature=4079ad2510bd569330bb95158f612918c8c3218fcba218ff3f10d0ea159f3865
2022-11-19 02:24:53.629[1668824693629] | INFO  | main       | c.b.c.client.utils.RequestHandler    - GET https://api.binance.com/api/v3/account?timestamp=1668824693629&signature=906ef1e62ad72ed1c6ccce1ba2890e224c6cf8f46ef199df168112bbf96facdf
2022-11-19 02:24:54.045[1668824694045] | INFO  | main       | c.b.c.client.utils.RequestHandler    - GET https://api.binance.com/api/v3/account?timestamp=1668824694045&signature=fcfd3e018c3d40f1540ebcb8a281e8ebae0b2cb38385a98afe4dc11a73acab8b
2022-11-19 13:11:43.023[1668863503023] | INFO  | main       | c.b.c.client.utils.RequestHandler    - GET https://api.binance.com/api/v3/account?timestamp=1668863503020&signature=1e6bb5a36839f8de2f6751425fcd0613c25e3d7416085c9408ebc0bfcdd152cc
2022-11-19 13:11:43.648[1668863503648] | INFO  | main       | c.b.c.client.utils.RequestHandler    - GET https://api.binance.com/sapi/v1/capital/config/getall?timestamp=1668863503648&signature=bf5713e853d1905a1ccc318a5c746d52555b511ee8af32313a291dbe05bef666
2022-11-19 13:11:44.707[1668863504707] | INFO  | main       | c.b.c.client.utils.RequestHandler    - GET https://api.binance.com/api/v3/account?timestamp=1668863504707&signature=a33c272321575aaa2e7eb7a7899a57da5f061760720faa736ea38834c8f82776
2022-11-19 13:11:48.398[1668863508398] | INFO  | main       | c.b.c.client.utils.RequestHandler    - GET https://api.binance.com/api/v3/account?timestamp=1668863508397&signature=25c532aac63aa3d558b693b66f2099c03e3515135c1d23c2594d4dc8f7a7e477
2022-11-19 13:12:02.111[1668863522111] | INFO  | main       | c.b.c.client.utils.RequestHandler    - GET https://api.binance.com/api/v3/account?timestamp=1668863522111&signature=038324250b0bf4786515c62ab23ca65ca427978131bcbb13b0e76cd3dbffe0a9
2022-11-19 13:12:16.687[1668863536687] | INFO  | main       | c.b.c.client.utils.RequestHandler    - GET https://api.binance.com/api/v3/account?timestamp=1668863536687&signature=3050b34589c7c3bfcca8cf7098b8d71037761ccadbfb62f18cb759ec3cadcadb
2022-11-19 13:12:31.086[1668863551086] | INFO  | main       | c.b.c.client.utils.RequestHandler    - GET https://api.binance.com/api/v3/account?timestamp=1668863551086&signature=613aae8f9c544c8a6e0448878962f965f6d658e63e34ca5f14e7b9c8b6b3ba9c
2022-11-19 13:12:45.776[1668863565776] | INFO  | main       | c.b.c.client.utils.RequestHandler    - GET https://api.binance.com/api/v3/account?timestamp=1668863565775&signature=8c9b35782718c5baab12739c0e0343febb84102f47b78fee981e9281a919da56
2022-11-19 13:12:59.470[1668863579470] | INFO  | main       | c.b.c.client.utils.RequestHandler    - GET https://api.binance.com/api/v3/account?timestamp=1668863579470&signature=f433a8187bcd0109a686132079d37f76962c3adc3f86056d7855dca6ce75c183
2022-11-19 14:41:29.238[1668868889238] | INFO  | main       | c.b.c.client.utils.RequestHandler    - GET https://api.binance.com/api/v3/account?timestamp=1668868889174&signature=f20649f3677e448e33205bce425ec1641554610df411a2a580659075a8447d33
2022-11-19 14:43:49.840[1668869029840] | INFO  | main       | c.b.c.client.utils.RequestHandler    - GET https://api.binance.com/api/v3/account?timestamp=1668869029834&signature=0b9d7d17292fc43cf74d979dbeb7a042a696bfe38d34a4be78e78f2802bec941
2022-11-19 14:43:50.671[1668869030671] | INFO  | main       | c.b.c.client.utils.RequestHandler    - GET https://api.binance.com/sapi/v1/capital/config/getall?timestamp=1668869030671&signature=6863fe658463b9f25134c98047217e00bc454adfab612bba97840b8f761891de
2022-11-19 14:43:51.868[1668869031868] | INFO  | main       | c.b.c.client.utils.RequestHandler    - GET https://api.binance.com/api/v3/account?timestamp=1668869031868&signature=984a0b7681fe1d49cb550962c6e859bd37501f58ae6960cf2b8a3754d1c7a12c
2022-11-19 14:43:52.339[1668869032339] | INFO  | main       | c.b.c.client.utils.RequestHandler    - GET https://api.binance.com/sapi/v1/capital/deposit/address?coin=NEO&timestamp=1668869032339&signature=cbe14d2304b410e31bbb347ad45745868942714d61d3e7b4968f0fb3cfee01e3
2022-11-19 14:43:53.419[1668869033419] | INFO  | main       | c.b.c.client.utils.RequestHandler    - GET https://api.binance.com/sapi/v1/capital/deposit/address?coin=NEO&network=ETH&timestamp=1668869033419&signature=3ad6c687646f6a59a512ecefd3c30d1b81f8670c5c8c6c3377e21a11bddaed2d
2022-11-19 14:43:53.735[1668869033735] | INFO  | main       | c.b.c.client.utils.RequestHandler    - GET https://api.binance.com/sapi/v1/capital/deposit/address?coin=NEO&network=BNB&timestamp=1668869033735&signature=51e3c1fb5905dda63a7439a75e86627eb22b903ff9cd4a62e8d5e26abf79cd36
2022-11-19 14:43:54.034[1668869034034] | INFO  | main       | c.b.c.client.utils.RequestHandler    - GET https://api.binance.com/sapi/v1/capital/deposit/address?coin=NEO&network=TRX&timestamp=1668869034034&signature=4bf6cc603402737a65321c5dbb08cff702e7dbd94830b51a53176591960cc587
2022-11-19 14:44:11.040[1668869051040] | INFO  | main       | c.b.c.client.utils.RequestHandler    - GET https://api.binance.com/api/v3/account?timestamp=1668869051037&signature=55490096669d6ed19ed7e9f70034b4fdb8edaf38c39b0763a31d706f25b0d0fd
2022-11-19 14:44:11.669[1668869051669] | INFO  | main       | c.b.c.client.utils.RequestHandler    - GET https://api.binance.com/sapi/v1/capital/config/getall?timestamp=1668869051669&signature=0814f17c8cde767ea692d717488656919ad31b7fea13c72ac424527e11f5c104
2022-11-19 14:44:12.631[1668869052631] | INFO  | main       | c.b.c.client.utils.RequestHandler    - GET https://api.binance.com/api/v3/account?timestamp=1668869052631&signature=5b656a5d6f180e991ae4e8cd0033e7578302f6ff79a9dbc2e53b0f531124c83a
2022-11-19 14:44:13.007[1668869053007] | INFO  | main       | c.b.c.client.utils.RequestHandler    - GET https://api.binance.com/sapi/v1/capital/deposit/address?coin=NEO&timestamp=1668869053006&signature=ed311f014ac386e1bf040f9cbcf2344fbd42a2688b57fcdf235a32e80fbec1b4
2022-11-19 14:44:13.389[1668869053389] | INFO  | main       | c.b.c.client.utils.RequestHandler    - GET https://api.binance.com/sapi/v1/capital/deposit/address?coin=NEO&network=ETH&timestamp=1668869053389&signature=b2ba32ad10d340f607d733d1cbbb019171560b21b724d51318d0487ba692fa3f
2022-11-19 14:44:13.697[1668869053697] | INFO  | main       | c.b.c.client.utils.RequestHandler    - GET https://api.binance.com/sapi/v1/capital/deposit/address?coin=NEO&network=BNB&timestamp=1668869053697&signature=a0752553b19447374034826eb2461fcb3dfc1c5f783ab4df93f5ca961ce9e86c
2022-11-19 14:44:14.013[1668869054013] | INFO  | main       | c.b.c.client.utils.RequestHandler    - GET https://api.binance.com/sapi/v1/capital/deposit/address?coin=NEO&network=TRX&timestamp=1668869054012&signature=760c356eca962bb2b5bd2c6d7693731eb2f65176cdc675d309268d5a5376b482
2022-11-19 14:44:59.362[1668869099362] | INFO  | main       | c.b.c.client.utils.RequestHandler    - GET https://api.binance.com/api/v3/account?timestamp=1668869099359&signature=79335f9b07398ff15cf43d41f1edaf1a42cf7a5731bbb3d7f5609549cb0c9f31
2022-11-19 14:45:00.002[1668869100002] | INFO  | main       | c.b.c.client.utils.RequestHandler    - GET https://api.binance.com/sapi/v1/capital/config/getall?timestamp=1668869100001&signature=2358d9b6983933b0e8654f1a3a0fcffb858ab79e9924333c09948fe50c46627d
2022-11-19 14:45:01.164[1668869101164] | INFO  | main       | c.b.c.client.utils.RequestHandler    - GET https://api.binance.com/api/v3/account?timestamp=1668869101164&signature=5c7a9318507d171e34555debd149c0fa6164f4d82db719e8d8fa8d5b1833de59
2022-11-19 14:45:01.532[1668869101532] | INFO  | main       | c.b.c.client.utils.RequestHandler    - GET https://api.binance.com/sapi/v1/capital/deposit/address?coin=NEO&timestamp=1668869101532&signature=b0bc409cceaea647c98882074f68ef140c2b02b6bc6eaf328b6ba7585b9a1c79
2022-11-19 14:45:02.542[1668869102542] | INFO  | main       | c.b.c.client.utils.RequestHandler    - GET https://api.binance.com/sapi/v1/capital/deposit/address?coin=NEO&network=ETH&timestamp=1668869102542&signature=311ca6cfa331201de8d1d30123c110c2e8e1a00bee1906a7a89d96fac6271a76
2022-11-19 14:45:02.857[1668869102857] | INFO  | main       | c.b.c.client.utils.RequestHandler    - GET https://api.binance.com/sapi/v1/capital/deposit/address?coin=NEO&network=BNB&timestamp=1668869102857&signature=3b24c8f53ea2ae06eab1eebd40ebbe44245a509e92047b878cba0d0de6625660
2022-11-19 14:45:03.873[1668869103873] | INFO  | main       | c.b.c.client.utils.RequestHandler    - GET https://api.binance.com/sapi/v1/capital/deposit/address?coin=NEO&network=TRX&timestamp=1668869103873&signature=efdb50a0fd968849f4898620a4b1c30990df38643fe8eb724e5c9b5874a2c8ad
2022-11-19 14:46:07.157[1668869167157] | INFO  | main       | c.b.c.client.utils.RequestHandler    - GET https://api.binance.com/api/v3/account?timestamp=1668869167153&signature=4715bfde403cc6b9378c11ac2281518bdc3737612b8d15f9145250483f9d90c9
2022-11-19 14:46:07.935[1668869167935] | INFO  | main       | c.b.c.client.utils.RequestHandler    - GET https://api.binance.com/sapi/v1/capital/config/getall?timestamp=1668869167935&signature=ca3da26f68859975f2b5b6103cd0a8d95adad341294fbe4cc05911db52402bbb
2022-11-19 14:46:09.095[1668869169095] | INFO  | main       | c.b.c.client.utils.RequestHandler    - GET https://api.binance.com/api/v3/account?timestamp=1668869169095&signature=b5114769a806dfeaeac167f88618c7f96322e70a27a0ef6dfbf6e515abe8dbda
2022-11-19 14:46:09.530[1668869169530] | INFO  | main       | c.b.c.client.utils.RequestHandler    - GET https://api.binance.com/sapi/v1/capital/deposit/address?coin=NEO&timestamp=1668869169529&signature=9185817b7e880c8287e0cc29478b6e8d48ac4605081468422ee200febb529d0f
2022-11-19 14:46:09.921[1668869169921] | INFO  | main       | c.b.c.client.utils.RequestHandler    - GET https://api.binance.com/sapi/v1/capital/deposit/address?coin=NEO&network=ETH&timestamp=1668869169921&signature=08de7aad4ad2b8eb1153cc93cf079d7fc6bc6ad44a462c5233b515b06fff76a1
2022-11-19 14:46:10.231[1668869170231] | INFO  | main       | c.b.c.client.utils.RequestHandler    - GET https://api.binance.com/sapi/v1/capital/deposit/address?coin=NEO&network=BNB&timestamp=1668869170231&signature=006ba73c88b1289f350b3273d1dde588068827938774be625bc72108ce856aea
2022-11-19 14:46:10.638[1668869170638] | INFO  | main       | c.b.c.client.utils.RequestHandler    - GET https://api.binance.com/sapi/v1/capital/deposit/address?coin=NEO&network=TRX&timestamp=1668869170638&signature=8d8f83f470cef06ed9e93eec990ac03c1155e69fe3c961e52b07e7a5cfda8652
2022-11-19 14:56:46.505[1668869806505] | INFO  | main       | c.b.c.client.utils.RequestHandler    - GET https://api.binance.com/api/v3/account?timestamp=1668869806502&signature=9549f1990567eaab82566ab54de425327d7494a3e351780f2348b0f2e4cf25ea
2022-11-19 14:56:47.187[1668869807187] | INFO  | main       | c.b.c.client.utils.RequestHandler    - GET https://api.binance.com/sapi/v1/capital/config/getall?timestamp=1668869807186&signature=b72ba7c9ea9abf031d689b771da666b7595cadc5a03fbee64eb697d5758a00f3
2022-11-19 14:56:48.074[1668869808074] | INFO  | main       | c.b.c.client.utils.RequestHandler    - GET https://api.binance.com/api/v3/account?timestamp=1668869808074&signature=282beccadbd1bb83eb4ad4af7070a558f2e7a1ca14fcdd26700766e82844eb53
2022-11-19 14:58:40.243[1668869920243] | INFO  | main       | c.b.c.client.utils.RequestHandler    - GET https://api.binance.com/sapi/v1/capital/deposit/address?coin=NEO&network=NEO3&timestamp=1668869920171&signature=78ea1a6a36d22b2764862f287a4b6f96bb29ca22d1e1ccd6324aeb204809adf4
2022-11-19 14:59:38.068[1668869978068] | INFO  | main       | c.b.c.client.utils.RequestHandler    - GET https://api.binance.com/sapi/v1/capital/deposit/address?coin=NEO&network=NEO3&timestamp=1668869978006&signature=6c45b8440e5512e8581f5232ca4034f962bbcc85d0f745a2093e0ce6c2b9582f
2022-11-19 14:59:57.412[1668869997412] | INFO  | main       | c.b.c.client.utils.RequestHandler    - GET https://api.binance.com/sapi/v1/capital/deposit/address?coin=NEO&network=NEO3&timestamp=1668869997353&signature=9d9637713bf4b963c3be24af6178e4c6595f16c5e3f96aad4f98bc8639b0d685
2022-11-19 15:00:13.996[1668870013996] | INFO  | main       | c.b.c.client.utils.RequestHandler    - GET https://api.binance.com/sapi/v1/capital/deposit/address?coin=NEO&network=NEO3&timestamp=1668870013937&signature=a619f2046e62fadac0b75fc98ecbcfb65dbb613e89f7c6b3d9af8ef8acd59385
2022-11-19 15:00:16.683[1668870016683] | INFO  | main       | o.e.di.poloniex.PoloniexApiClient    - placeResponse: {
  "withdrawalRequestsId" : 16311452
}  request:{"currency":"NEO","amount":"10","address":"NNVBJUKNqWe4QxWp7oTCQJcDH6mXpa7rsm"} 
2022-11-19 15:02:15.420[1668870135420] | INFO  | main       | c.b.c.client.utils.RequestHandler    - GET https://api.binance.com/api/v3/account?timestamp=1668870135373&signature=8e86e7d508d2437d8b3d0a171ed10a9dad948c01b5cb68db7da8aafa5edea8c4
2022-11-19 15:02:59.837[1668870179837] | INFO  | main       | c.b.c.client.utils.RequestHandler    - GET https://api.binance.com/sapi/v1/capital/deposit/hisrec?timestamp=1668870179809&signature=7912a32992228dac3b3843826edf1f657304969d4fe87bc614a83b5ee85fb7f1
2022-11-19 15:19:37.058[1668871177058] | INFO  | main       | c.b.c.client.utils.RequestHandler    - GET https://api.binance.com/sapi/v1/capital/deposit/hisrec?timestamp=1668871177004&signature=2a7d729ca6cad8a113c419994ca7573ad63ca185f68a50952ccec642eb0d51a7
2022-11-19 15:20:10.041[1668871210041] | INFO  | main       | c.b.c.client.utils.RequestHandler    - GET https://api.binance.com/api/v3/account?timestamp=1668871210005&signature=22586d8182e503b79f215c146ca2d23d3524cd29735b969d66298c1b152e1a90
2022-11-19 15:22:58.642[1668871378642] | INFO  | main       | c.b.c.client.utils.RequestHandler    - GET https://api.binance.com/api/v3/account?timestamp=1668871378639&signature=023832f7faa907704973a9b074a1d11ffcdf0397fa76b047e1c76118393e3c3c
2022-11-19 15:22:59.399[1668871379399] | INFO  | main       | c.b.c.client.utils.RequestHandler    - GET https://api.binance.com/sapi/v1/capital/config/getall?timestamp=1668871379399&signature=2af5ba359f98046f84dfdc20afb1f75d6085e52f4c50bdc8c176bcc5af0da954
2022-11-19 15:23:00.577[1668871380577] | INFO  | main       | c.b.c.client.utils.RequestHandler    - GET https://api.binance.com/api/v3/account?timestamp=1668871380577&signature=f6562b3f49db2a4c400c5ebfd3acd7304d6d4e52196755caca65059d3e6eea9a
2022-11-19 15:24:07.040[1668871447040] | INFO  | main       | c.b.c.client.utils.RequestHandler    - GET https://api.binance.com/api/v3/account?timestamp=1668871447037&signature=a6e3f0c94f1eca39dd5e2e61012304cec38d5c96d072692f7df0cd2b730ae68f
2022-11-19 15:24:07.803[1668871447803] | INFO  | main       | c.b.c.client.utils.RequestHandler    - GET https://api.binance.com/sapi/v1/capital/config/getall?timestamp=1668871447803&signature=18067ad7e21d1fcd70e6f58f911ab89677e2964852d3047c56e8c73157603d27
2022-11-19 15:24:08.779[1668871448779] | INFO  | main       | c.b.c.client.utils.RequestHandler    - GET https://api.binance.com/api/v3/account?timestamp=1668871448779&signature=c4136f01b196e49fe0981bb7765a1945347839c9b8cfe960b7b598cf8e64d2dc
2022-11-19 15:24:09.403[1668871449403] | INFO  | main       | c.b.c.client.utils.RequestHandler    - POST https://api.binance.com/sapi/v1/capital/withdraw/apply?coin=NEO&address=NWt2VAZw7wos3YWmi5VAARZEurcC38oK6M&amount=33&timestamp=1668871449403&signature=50cb022e2730f829d312a48ee9745a74d0095c5532396c1cfdc6b2defa58ceff
2022-11-19 15:24:31.891[1668871471891] | INFO  | main       | c.b.c.client.utils.RequestHandler    - GET https://api.binance.com/api/v3/account?timestamp=1668871471888&signature=d630db97ea1e3eca261431bc870f7faed207ff0ba945d5cc7a4ab2d39b622e91
2022-11-19 15:24:32.467[1668871472467] | INFO  | main       | c.b.c.client.utils.RequestHandler    - GET https://api.binance.com/sapi/v1/capital/config/getall?timestamp=1668871472467&signature=1c6908a7a5d85a35f21a5fe74e2cfdff5cc8e0d97a4d333518cd91e01999b155
2022-11-19 15:24:33.466[1668871473466] | INFO  | main       | c.b.c.client.utils.RequestHandler    - GET https://api.binance.com/api/v3/account?timestamp=1668871473465&signature=908e963a178f1eeb4c4846d4f5f360c7cbc4a0e908e663321f270cd1b8d56c59
2022-11-19 15:24:34.287[1668871474287] | INFO  | main       | c.b.c.client.utils.RequestHandler    - POST https://api.binance.com/sapi/v1/capital/withdraw/apply?coin=NEO&address=NWt2VAZw7wos3YWmi5VAARZEurcC38oK6M&amount=30&timestamp=1668871474287&signature=5b49202c1c6e9df64b2ef018cd5b1259d8cbfda42336406be3430cbd012ebb6c
2022-11-19 15:26:04.273[1668871564273] | INFO  | main       | c.b.c.client.utils.RequestHandler    - GET https://api.binance.com/api/v3/account?timestamp=1668871564270&signature=7f59abef3669c249e97d53478db03410774a2d003c9ebd856cefe84b5bbbe8a7
2022-11-19 15:26:04.947[1668871564947] | INFO  | main       | c.b.c.client.utils.RequestHandler    - GET https://api.binance.com/sapi/v1/capital/config/getall?timestamp=1668871564947&signature=73f0ffe61b45e8598c53ea2c7e7b1a65cdd8c3dc9cb91ccae2501a0b82a046a9
2022-11-19 15:26:06.332[1668871566332] | INFO  | main       | c.b.c.client.utils.RequestHandler    - GET https://api.binance.com/api/v3/account?timestamp=1668871566332&signature=8afbc90f13af75098ecbeefdb494bf9a3b26961eb942b9accfbfeb485804ff7d
2022-11-19 15:26:25.282[1668871585282] | INFO  | main       | c.b.c.client.utils.RequestHandler    - GET https://api.binance.com/api/v3/account?timestamp=1668871585279&signature=748bb8899c25a945bebf9fdef6f55fc669f75f13542f4fc69642034322308464
2022-11-19 15:26:25.845[1668871585845] | INFO  | main       | c.b.c.client.utils.RequestHandler    - GET https://api.binance.com/sapi/v1/capital/config/getall?timestamp=1668871585845&signature=bff917029a5d4578b92ccaab7f848c46d2de6cba6ae6793a36cfccdfd22a2f8e
2022-11-19 15:26:26.773[1668871586773] | INFO  | main       | c.b.c.client.utils.RequestHandler    - GET https://api.binance.com/api/v3/account?timestamp=1668871586773&signature=26039b3da907e4457c3df72dabac5646313cc83b574323405a8dd16a77b88ebb
2022-11-19 15:26:30.675[1668871590675] | INFO  | main       | c.b.c.client.utils.RequestHandler    - GET https://api.binance.com/api/v3/account?timestamp=1668871590675&signature=7ba768cef3bc82813ae5a7c022ce170bb4a80dd1db5f70336c1ee43ff52898e8
2022-11-19 15:26:45.211[1668871605211] | INFO  | main       | c.b.c.client.utils.RequestHandler    - GET https://api.binance.com/api/v3/account?timestamp=1668871605211&signature=e16b5bac69d9a5fed40c61147893454b28c5220b16600df4b6bb0af128cfcad3
2022-11-19 15:27:01.153[1668871621153] | INFO  | main       | c.b.c.client.utils.RequestHandler    - GET https://api.binance.com/api/v3/account?timestamp=1668871621152&signature=762b04172d7a30be910bffdeb7b59db72487b6eaa2c1012e250202b9d8d3f619
2022-11-19 15:27:16.447[1668871636447] | INFO  | main       | c.b.c.client.utils.RequestHandler    - GET https://api.binance.com/api/v3/account?timestamp=1668871636447&signature=76ef8c05438a80d9116384a9b8c6b8aa1f1854830ba82d5ce86088b4fd4a93d6
2022-11-19 15:27:30.020[1668871650020] | INFO  | main       | c.b.c.client.utils.RequestHandler    - GET https://api.binance.com/api/v3/account?timestamp=1668871650020&signature=f73c7633dbb8543a544913126499f2925cf73653e18747d6cc35716ff0ded693
